<?xml version="1.0" encoding="UTF-8"?>
<testng-results ignored="0" total="1" passed="1" failed="0" skipped="0">
  <reporter-output>
  </reporter-output>
  <suite started-at="2024-11-28T00:48:45 IST" name="Suite" finished-at="2024-11-28T00:48:55 IST" duration-ms="10824">
    <groups>
    </groups>
    <test started-at="2024-11-28T00:48:45 IST" name="Test" finished-at="2024-11-28T00:48:55 IST" duration-ms="10824">
      <class name="org.dataPassToWebpageFromXmlFile.DataPassFromXmlFile">
        <test-method signature="main(java.lang.String,java.lang.String,java.lang.String,java.lang.String,java.lang.String,java.lang.String,java.lang.String,java.lang.String,java.lang.String)[pri:0, instance:org.dataPassToWebpageFromXmlFile.DataPassFromXmlFile@66d3eec0]" started-at="2024-11-28T00:48:45 IST" name="main" finished-at="2024-11-28T00:48:55 IST" duration-ms="10796" status="PASS">
          <params>
            <param index="0">
              <value>
                <![CDATA[Karuppannan]]>
              </value>
            </param>
            <param index="1">
              <value>
                <![CDATA[Amutha]]>
              </value>
            </param>
            <param index="2">
              <value>
                <![CDATA[Hemalatha]]>
              </value>
            </param>
            <param index="3">
              <value>
                <![CDATA[Karuppannan]]>
              </value>
            </param>
            <param index="4">
              <value>
                <![CDATA[15]]>
              </value>
            </param>
            <param index="5">
              <value>
                <![CDATA[8]]>
              </value>
            </param>
            <param index="6">
              <value>
                <![CDATA[1993]]>
              </value>
            </param>
            <param index="7">
              <value>
                <![CDATA[6574839284]]>
              </value>
            </param>
            <param index="8">
              <value>
                <![CDATA[HarshRithvik]]>
              </value>
            </param>
          </params>
          <reporter-output>
          </reporter-output>
        </test-method> <!-- main -->
      </class> <!-- org.dataPassToWebpageFromXmlFile.DataPassFromXmlFile -->
    </test> <!-- Test -->
  </suite> <!-- Suite -->
</testng-results>
